Diagnose log at 2022-12-17T10:58:29Z

Executable: C:\Program Files\Git\mingw64\libexec\git-core\git-credential-manager-core.exe
Version: 2.0.632+478753bbb7

------------
Diagnostic: Environment
Skipped: False
Success: True
Exception: None
Log:
OSType: Windows
OSVersion: 10.0 (build 19044)
Reading environment variables... OK
 Variables:
HOMEPATH=\Users\Arthur_Fetter
DriverData=C:\Windows\System32\Drivers\DriverData
COMPUTERNAME=DESKTOP-566GNPE
CommonProgramFiles(x86)=C:\Program Files (x86)\Common Files
OneDrive=C:\Users\Arthur Fetter\OneDrive
ChocolateyLastPathUpdate=133035116563059647
TMP=C:\Users\ARTHUR~1\AppData\Local\Temp
HOME=C:\Users\Arthur_Fetter
PROCESSOR_REVISION=7100
PATHEXT=.COM;.EXE;.BAT;.CMD;.VBS;.VBE;.JS;.JSE;.WSF;.WSH;.MSC;.PY;.PYW
GIT_EXEC_PATH=C:/Program Files/Git/mingw64/libexec/git-core
IDF_TOOLS_PATH=C:\Espressif
TEMP=C:\Users\ARTHUR~1\AppData\Local\Temp
LOCALAPPDATA=C:\Users\Arthur_Fetter\AppData\Local
MSYSTEM=MINGW64
TERM=cygwin
USERDOMAIN=DESKTOP-566GNPE
ProgramFiles(x86)=C:\Program Files (x86)
Path=C:/Program Files/Git/mingw64/libexec/git-core;C:\Program Files\Git\mingw64\bin;C:\Program Files\Git\usr\bin;C:\Users\Arthur_Fetter\bin;C:\Python310\Scripts\;C:\Python310\;C:\Program Files (x86)\Common Files\Oracle\Java\javapath;C:\ProgramData\Oracle\Java\javapath;C:\WINDOWS\system32;C:\WINDOWS;C:\WINDOWS\System32\Wbem;C:\WINDOWS\System32\WindowsPowerShell\v1.0\;C:\WINDOWS\System32\OpenSSH\;C:\MinGW\bin;C:\Program Files\Microsoft SQL Server\130\Tools\Binn\;C:\Anaconda;C:\Program Files\dotnet\;C:\Program Files\Git\cmd;C:\ProgramData\chocolatey\bin;C:\Users\Arthur_Fetter\AppData\Roaming\nvm;C:\Program Files\nodejs;C:\Program Files\PuTTY\;C:\Program Files\nodejs\;C:\anaconda;C:\anaconda\Library\mingw-w64\bin;C:\anaconda\Library\usr\bin;C:\anaconda\Library\bin;C:\anaconda\Scripts;C:\Users\Arthur Fetter\AppData\Local\Programs\Python\Python38-32\Scripts\;C:\Users\Arthur Fetter\AppData\Local\Programs\Python\Python38-32\;C:\Users\Arthur_Fetter\AppData\Local\Microsoft\WindowsApps;C:\MinGW\bin;C:\Users\Arthur_Fetter\.dotnet\tools;C:\Users\Arthur_Fetter\AppData\Local\Programs\Microsoft VS Code\bin;C:\Users\Arthur_Fetter\AppData\Local\Programs\Hyper\resources\bin;C:\Users\Arthur_Fetter\AppData\Roaming\nvm;C:\Program Files\nodejs;C:\Users\Arthur_Fetter\AppData\Roaming\npm
PROCESSOR_LEVEL=23
PROCESSOR_IDENTIFIER=AMD64 Family 23 Model 113 Stepping 0, AuthenticAMD
TMPDIR=C:\Users\ARTHUR~1\AppData\Local\Temp
APPDATA=C:\Users\Arthur_Fetter\AppData\Roaming
PROMPT=$P$G
PSModulePath=C:\Program Files\WindowsPowerShell\Modules;C:\WINDOWS\system32\WindowsPowerShell\v1.0\Modules
PUBLIC=C:\Users\Public
NUMBER_OF_PROCESSORS=12
CommonProgramFiles=C:\Program Files (x86)\Common Files
ProgramFiles=C:\Program Files (x86)
ProgramData=C:\ProgramData
ProgramW6432=C:\Program Files
ChocolateyInstall=C:\ProgramData\chocolatey
PLINK_PROTOCOL=ssh
SystemRoot=C:\WINDOWS
NVM_SYMLINK=C:\Program Files\nodejs
NVM_HOME=C:\Users\Arthur_Fetter\AppData\Roaming\nvm
SESSIONNAME=Console
LC_CTYPE=C.UTF-8
CommonProgramW6432=C:\Program Files\Common Files
LOGONSERVER=\\DESKTOP-566GNPE
USERPROFILE=C:\Users\Arthur_Fetter
USERDOMAIN_ROAMINGPROFILE=DESKTOP-566GNPE
PROCESSOR_ARCHITEW6432=AMD64
HOMEDRIVE=C:
VBOX_MSI_INSTALL_PATH=C:\Program Files\Oracle\VirtualBox\
USERNAME=Arthur Fetter
NODE_PATH=C:\Users\Arthur_Fetter\AppData\Roaming\npm\node_modules
PROCESSOR_ARCHITECTURE=x86
OS=Windows_NT
ComSpec=C:\WINDOWS\system32\cmd.exe
SystemDrive=C:
windir=C:\WINDOWS
OneDriveConsumer=C:\Users\Arthur Fetter\OneDrive
ALLUSERSPROFILE=C:\ProgramData


------------
Diagnostic: File system
Skipped: False
Success: True
Exception: None
Log:
Temporary directory is 'C:\Users\Arthur_Fetter\AppData\Local\Temp\'...
Checking basic file I/O...
Writing to temporary file 'C:\Users\Arthur_Fetter\AppData\Local\Temp\d30e4bc89d326a3b94773855'... OK
Reading from temporary file 'C:\Users\Arthur_Fetter\AppData\Local\Temp\d30e4bc89d326a3b94773855'... OK
Deleting temporary file 'C:\Users\Arthur_Fetter\AppData\Local\Temp\d30e4bc89d326a3b94773855'... OK
Testing IFileSystem instance...
UserHomePath: C:\Users\Arthur_Fetter
UserDataDirectoryPath: C:\Users\Arthur_Fetter\.gcm
GetCurrentDirectory(): C:\Engineering\Programming\web\Sites\cv\fetter-cv

------------
Diagnostic: Networking
Skipped: False
Success: True
Exception: None
Log:
Checking basic networking and HTTP stack...
Creating HTTP client... OK
IsNetworkAvailable: True
Sending HEAD request to http://example.com... OK
Sending HEAD request to https://example.com... OK
Acquiring free TCP port... OK
Testing local HTTP loopback connections...
Creating new HTTP listener for http://localhost:59493/... OK
Waiting for loopback connection... OK
Writing response... OK
Waiting for response data... OK
Loopback connection data OK
Testing with IHttpClientFactory created HTTP client...
Creating HTTP client... OK
IsNetworkAvailable: True
Sending HEAD request to http://example.com... OK
Sending HEAD request to https://example.com... OK
Acquiring free TCP port... OK
Testing local HTTP loopback connections...
Creating new HTTP listener for http://localhost:59495/... OK
Waiting for loopback connection... OK
Writing response... OK
Waiting for response data... OK
Loopback connection data OK

------------
Diagnostic: Git
Skipped: False
Success: True
Exception: None
Log:
Getting Git version... OK
Git version is '2.35.1.windows.2'
Locating current repository... OK
Git repository at 'C:/Engineering/Programming/web/Sites/cv/fetter-cv/.git'
Listing all Git configuration... OK
Git configuration:
file:C:/Program Files/Git/etc/gitconfig	diff.astextplain.textconv=astextplain
file:C:/Program Files/Git/etc/gitconfig	filter.lfs.clean=git-lfs clean -- %f
file:C:/Program Files/Git/etc/gitconfig	filter.lfs.smudge=git-lfs smudge -- %f
file:C:/Program Files/Git/etc/gitconfig	filter.lfs.process=git-lfs filter-process
file:C:/Program Files/Git/etc/gitconfig	filter.lfs.required=true
file:C:/Program Files/Git/etc/gitconfig	http.sslbackend=openssl
file:C:/Program Files/Git/etc/gitconfig	http.sslcainfo=C:/Program Files/Git/mingw64/ssl/certs/ca-bundle.crt
file:C:/Program Files/Git/etc/gitconfig	core.autocrlf=true
file:C:/Program Files/Git/etc/gitconfig	core.fscache=true
file:C:/Program Files/Git/etc/gitconfig	core.symlinks=false
file:C:/Program Files/Git/etc/gitconfig	pull.rebase=false
file:C:/Program Files/Git/etc/gitconfig	credential.helper=manager-core
file:C:/Program Files/Git/etc/gitconfig	credential.https://dev.azure.com.usehttppath=true
file:C:/Program Files/Git/etc/gitconfig	init.defaultbranch=master
file:C:/Users/Arthur_Fetter/.gitconfig	user.email=artthurfeter@gmail.com
file:C:/Users/Arthur_Fetter/.gitconfig	user.name=Arthur-Fetter
file:C:/Users/Arthur_Fetter/.gitconfig	credential.helper=manager-core
file:.git/config	core.repositoryformatversion=0
file:.git/config	core.filemode=false
file:.git/config	core.bare=false
file:.git/config	core.logallrefupdates=true
file:.git/config	core.symlinks=false
file:.git/config	core.ignorecase=true
file:.git/config	remote.origin.url=https://github.com/Arthur-Fetter/fetter-cd.git
file:.git/config	remote.origin.fetch=+refs/heads/*:refs/remotes/origin/*


------------
Diagnostic: Credential storage
Skipped: False
Success: True
Exception: None
Log:
ICredentialStore instance is of type: CredentialStore
Writing test credential... OK
Reading test credential... OK
Deleting test credential... OK

------------
Diagnostic: Microsoft authentication (AAD/MSA)
Skipped: False
Success: True
Exception: None
Log:
Broker not supported.
Flow type is: Auto
Gathering MSAL token cache data... OK
CacheDirectory: C:\Users\Arthur_Fetter\AppData\Local\.IdentityService
CacheFileName: msal.cache
CacheFilePath: C:\Users\Arthur_Fetter\AppData\Local\.IdentityService\msal.cache
Creating cache helper... OK
Verifying MSAL token cache persistence... OK

------------
Diagnostic: GitHub API
Skipped: False
Success: True
Exception: None
Log:
Using 'https://github.com/' as API target.
Querying '/meta' endpoint... OK

